2015-12-05 12:03:59,154 [main] INFO  c.t.i.a.b.BridgeConnectorRegistryProvider - The location C:\bin\eclipse\eclipse\connectors is not a directory. No additional connectors were loaded.
2015-12-05 12:03:59,292 [main] INFO  c.t.i.a.cache.MemoryOperationCache - Using CacheBuilder settings: CacheBuilder{initialCapacity=1000, concurrencyLevel=10, maximumSize=3000, expireAfterWrite=86400000000000ns, expireAfterAccess=43200000000000ns}
2015-12-05 12:04:12,558 [main] INFO  c.t.i.a.cache.MemoryOperationCache - Using CacheBuilder settings: CacheBuilder{initialCapacity=1000, concurrencyLevel=10, maximumSize=3000, expireAfterWrite=86400000000000ns, expireAfterAccess=43200000000000ns}
2015-12-05 12:04:12,607 [main] INFO  c.t.i.a.cache.MemoryOperationCache - Using CacheBuilder settings: CacheBuilder{initialCapacity=1000, concurrencyLevel=10, maximumSize=3000, expireAfterWrite=86400000000000ns, expireAfterAccess=43200000000000ns}
<<<<<<< HEAD
=======
2015-12-05 12:09:19,581 [main] INFO  c.g.t.t.d.PublishedGradleVersions - Gradle version information cache file is not available. Remote download required.
>>>>>>> origin/master
2015-12-05 14:33:37,692 [main] INFO  c.t.i.a.b.BridgeConnectorRegistryProvider - The location C:\bin\eclipse\eclipse\connectors is not a directory. No additional connectors were loaded.
2015-12-05 14:33:37,740 [main] INFO  c.t.i.a.cache.MemoryOperationCache - Using CacheBuilder settings: CacheBuilder{initialCapacity=1000, concurrencyLevel=10, maximumSize=3000, expireAfterWrite=86400000000000ns, expireAfterAccess=43200000000000ns}
2015-12-05 14:33:38,946 [main] INFO  c.t.i.a.cache.MemoryOperationCache - Using CacheBuilder settings: CacheBuilder{initialCapacity=1000, concurrencyLevel=10, maximumSize=3000, expireAfterWrite=86400000000000ns, expireAfterAccess=43200000000000ns}
2015-12-05 14:33:39,554 [main] INFO  c.t.i.a.cache.MemoryOperationCache - Using CacheBuilder settings: CacheBuilder{initialCapacity=1000, concurrencyLevel=10, maximumSize=3000, expireAfterWrite=86400000000000ns, expireAfterAccess=43200000000000ns}
2015-12-05 14:43:55,951 [main] INFO  c.t.i.a.b.BridgeConnectorRegistryProvider - The location C:\bin\eclipse\eclipse\connectors is not a directory. No additional connectors were loaded.
2015-12-05 14:43:55,998 [main] INFO  c.t.i.a.cache.MemoryOperationCache - Using CacheBuilder settings: CacheBuilder{initialCapacity=1000, concurrencyLevel=10, maximumSize=3000, expireAfterWrite=86400000000000ns, expireAfterAccess=43200000000000ns}
2015-12-05 14:43:57,434 [main] INFO  c.t.i.a.cache.MemoryOperationCache - Using CacheBuilder settings: CacheBuilder{initialCapacity=1000, concurrencyLevel=10, maximumSize=3000, expireAfterWrite=86400000000000ns, expireAfterAccess=43200000000000ns}
2015-12-05 14:43:57,511 [main] INFO  c.t.i.a.cache.MemoryOperationCache - Using CacheBuilder settings: CacheBuilder{initialCapacity=1000, concurrencyLevel=10, maximumSize=3000, expireAfterWrite=86400000000000ns, expireAfterAccess=43200000000000ns}
2015-12-05 15:10:01,731 [main] INFO  c.t.i.a.b.BridgeConnectorRegistryProvider - The location C:\bin\eclipse\eclipse\connectors is not a directory. No additional connectors were loaded.
2015-12-05 15:10:01,789 [main] INFO  c.t.i.a.cache.MemoryOperationCache - Using CacheBuilder settings: CacheBuilder{initialCapacity=1000, concurrencyLevel=10, maximumSize=3000, expireAfterWrite=86400000000000ns, expireAfterAccess=43200000000000ns}
2015-12-05 15:10:03,269 [main] INFO  c.t.i.a.cache.MemoryOperationCache - Using CacheBuilder settings: CacheBuilder{initialCapacity=1000, concurrencyLevel=10, maximumSize=3000, expireAfterWrite=86400000000000ns, expireAfterAccess=43200000000000ns}
2015-12-05 15:10:03,871 [main] INFO  c.t.i.a.cache.MemoryOperationCache - Using CacheBuilder settings: CacheBuilder{initialCapacity=1000, concurrencyLevel=10, maximumSize=3000, expireAfterWrite=86400000000000ns, expireAfterAccess=43200000000000ns}
2015-12-05 15:17:55,895 [main] INFO  c.t.i.a.b.BridgeConnectorRegistryProvider - The location C:\bin\eclipse\eclipse\connectors is not a directory. No additional connectors were loaded.
2015-12-05 15:17:55,950 [main] INFO  c.t.i.a.cache.MemoryOperationCache - Using CacheBuilder settings: CacheBuilder{initialCapacity=1000, concurrencyLevel=10, maximumSize=3000, expireAfterWrite=86400000000000ns, expireAfterAccess=43200000000000ns}
2015-12-05 15:17:57,862 [main] INFO  c.t.i.a.cache.MemoryOperationCache - Using CacheBuilder settings: CacheBuilder{initialCapacity=1000, concurrencyLevel=10, maximumSize=3000, expireAfterWrite=86400000000000ns, expireAfterAccess=43200000000000ns}
2015-12-05 15:17:57,954 [main] INFO  c.t.i.a.cache.MemoryOperationCache - Using CacheBuilder settings: CacheBuilder{initialCapacity=1000, concurrencyLevel=10, maximumSize=3000, expireAfterWrite=86400000000000ns, expireAfterAccess=43200000000000ns}
2015-12-05 15:19:51,308 [main] INFO  c.t.i.a.b.BridgeConnectorRegistryProvider - The location C:\bin\eclipse\eclipse\connectors is not a directory. No additional connectors were loaded.
2015-12-05 15:19:51,396 [main] INFO  c.t.i.a.cache.MemoryOperationCache - Using CacheBuilder settings: CacheBuilder{initialCapacity=1000, concurrencyLevel=10, maximumSize=3000, expireAfterWrite=86400000000000ns, expireAfterAccess=43200000000000ns}
2015-12-05 15:19:53,061 [main] INFO  c.t.i.a.cache.MemoryOperationCache - Using CacheBuilder settings: CacheBuilder{initialCapacity=1000, concurrencyLevel=10, maximumSize=3000, expireAfterWrite=86400000000000ns, expireAfterAccess=43200000000000ns}
2015-12-05 15:19:54,230 [main] INFO  c.t.i.a.cache.MemoryOperationCache - Using CacheBuilder settings: CacheBuilder{initialCapacity=1000, concurrencyLevel=10, maximumSize=3000, expireAfterWrite=86400000000000ns, expireAfterAccess=43200000000000ns}
2015-12-06 16:08:16,338 [main] INFO  c.t.i.a.b.BridgeConnectorRegistryProvider - The location C:\bin\eclipse\eclipse\connectors is not a directory. No additional connectors were loaded.
2015-12-06 16:08:16,390 [main] INFO  c.t.i.a.cache.MemoryOperationCache - Using CacheBuilder settings: CacheBuilder{initialCapacity=1000, concurrencyLevel=10, maximumSize=3000, expireAfterWrite=86400000000000ns, expireAfterAccess=43200000000000ns}
2015-12-06 16:08:18,398 [main] INFO  c.t.i.a.cache.MemoryOperationCache - Using CacheBuilder settings: CacheBuilder{initialCapacity=1000, concurrencyLevel=10, maximumSize=3000, expireAfterWrite=86400000000000ns, expireAfterAccess=43200000000000ns}
2015-12-06 16:08:19,442 [main] INFO  c.t.i.a.cache.MemoryOperationCache - Using CacheBuilder settings: CacheBuilder{initialCapacity=1000, concurrencyLevel=10, maximumSize=3000, expireAfterWrite=86400000000000ns, expireAfterAccess=43200000000000ns}
2015-12-06 16:57:53,710 [main] INFO  c.t.i.a.b.BridgeConnectorRegistryProvider - The location C:\bin\eclipse\eclipse\connectors is not a directory. No additional connectors were loaded.
2015-12-06 16:57:53,752 [main] INFO  c.t.i.a.cache.MemoryOperationCache - Using CacheBuilder settings: CacheBuilder{initialCapacity=1000, concurrencyLevel=10, maximumSize=3000, expireAfterWrite=86400000000000ns, expireAfterAccess=43200000000000ns}
2015-12-06 16:57:54,953 [main] INFO  c.t.i.a.cache.MemoryOperationCache - Using CacheBuilder settings: CacheBuilder{initialCapacity=1000, concurrencyLevel=10, maximumSize=3000, expireAfterWrite=86400000000000ns, expireAfterAccess=43200000000000ns}
2015-12-06 16:57:55,151 [main] INFO  c.t.i.a.cache.MemoryOperationCache - Using CacheBuilder settings: CacheBuilder{initialCapacity=1000, concurrencyLevel=10, maximumSize=3000, expireAfterWrite=86400000000000ns, expireAfterAccess=43200000000000ns}
2015-12-06 23:27:19,494 [main] INFO  c.g.t.t.d.PublishedGradleVersions - Gradle version information cache file is not out-of-date. No remote download required.
